[1103/094328.963:ERROR:audio_rtp_receiver.cc(89)] AudioRtpReceiver::OnSetVolume: No audio channel exists.
[1103/094328.964:WARNING:used_ids.h(55)] Duplicate id found. Reassigning from 104 to 127
[1103/094328.964:WARNING:used_ids.h(55)] Duplicate id found. Reassigning from 102 to 125
[1103/094328.964:WARNING:used_ids.h(55)] Duplicate id found. Reassigning from 104 to 124
[1103/094328.964:WARNING:used_ids.h(55)] Duplicate id found. Reassigning from 106 to 123
[1103/094328.964:WARNING:used_ids.h(55)] Duplicate id found. Reassigning from 103 to 122
[1103/094328.964:WARNING:used_ids.h(55)] Duplicate id found. Reassigning from 105 to 121
[1103/094328.964:WARNING:used_ids.h(55)] Duplicate id found. Reassigning from 109 to 120
[1103/094328.965:WARNING:used_ids.h(55)] Duplicate id found. Reassigning from 1 to 14
[1103/094328.965:WARNING:used_ids.h(55)] Duplicate id found. Reassigning from 3 to 13
[1103/094328.965:WARNING:used_ids.h(55)] Duplicate id found. Reassigning from 5 to 12
[1103/094328.965:WARNING:used_ids.h(55)] Duplicate id found. Reassigning from 6 to 11
[1103/094343.543:WARNING:used_ids.h(55)] Duplicate id found. Reassigning from 104 to 127
[1103/094343.543:WARNING:used_ids.h(55)] Duplicate id found. Reassigning from 102 to 125
[1103/094343.543:WARNING:used_ids.h(55)] Duplicate id found. Reassigning from 104 to 124
[1103/094343.543:WARNING:used_ids.h(55)] Duplicate id found. Reassigning from 106 to 123
[1103/094343.543:WARNING:used_ids.h(55)] Duplicate id found. Reassigning from 103 to 122
[1103/094343.543:WARNING:used_ids.h(55)] Duplicate id found. Reassigning from 105 to 121
[1103/094343.543:WARNING:used_ids.h(55)] Duplicate id found. Reassigning from 109 to 120
[1103/094343.543:WARNING:used_ids.h(55)] Duplicate id found. Reassigning from 1 to 14
[1103/094343.543:WARNING:used_ids.h(55)] Duplicate id found. Reassigning from 3 to 13
[1103/094343.543:WARNING:used_ids.h(55)] Duplicate id found. Reassigning from 5 to 12
[1103/094343.543:WARNING:used_ids.h(55)] Duplicate id found. Reassigning from 6 to 11
[1103/094343.543:ERROR:audio_rtp_receiver.cc(89)] AudioRtpReceiver::OnSetVolume: No audio channel exists.
[1103/094406.168:ERROR:batching_media_log.cc(38)] MediaEvent: {"error":"FFmpegDemuxer: no supported streams"}
[1103/094406.169:ERROR:batching_media_log.cc(35)] MediaEvent: {"pipeline_error":14}
[1103/094406.410:ERROR:batching_media_log.cc(38)] MediaEvent: {"error":"FFmpegDemuxer: no supported streams"}
[1103/094406.411:ERROR:batching_media_log.cc(35)] MediaEvent: {"pipeline_error":14}
[1103/094406.435:WARNING:spdy_session.cc(3365)] Received HEADERS for invalid stream 107
[1103/103314.131:ERROR:database.cc(1632)] Cookie sqlite error 13, errno 0: database or disk is full, sql: UPDATE cookies SET last_access_utc=? WHERE name=? AND host_key=? AND path=?
[1103/103314.134:ERROR:database.cc(1632)] Cookie sqlite error 1, errno 0: cannot commit - no transaction is active, sql: COMMIT
[1113/150929.345:ERROR:batching_media_log.cc(38)] MediaEvent: {"error":"FFmpegDemuxer: no supported streams"}
[1113/150929.347:ERROR:batching_media_log.cc(35)] MediaEvent: {"pipeline_error":14}
[1113/150930.246:ERROR:batching_media_log.cc(38)] MediaEvent: {"error":"FFmpegDemuxer: no supported streams"}
[1113/150930.246:ERROR:batching_media_log.cc(35)] MediaEvent: {"pipeline_error":14}
[1120/015604.815:ERROR:cache_util_win.cc(21)] Unable to move the cache: Access is denied. (0x5)
[1120/015604.831:ERROR:cache_util.cc(139)] Unable to move cache folder C:/Users/bande/Documents/Unreal Projects/RainFallv3_0/Saved/webcache_4147\Cache to C:/Users/bande/Documents/Unreal Projects/RainFallv3_0/Saved/webcache_4147\old_Cache_000
[1120/015604.832:ERROR:disk_cache.cc(184)] Unable to create cache
[1120/015626.595:WARNING:value_store_frontend.cc(44)] Reading mhjfbmdgcfjbbpaeojofohoefgiehjai.alarms from  failed: IO error: .../LOCK: File currently in use. (ChromeMethodBFE: 15::LockFile::2)
